 command line:
   ./jkff_vv_v_isim_beh.exe
     -intstyle  ise
     -ipchost  localhost
     -ipcport  52086

Sat Jan 23 11:32:06 2021

Total Line Count = 62

 Elaboration time 0.015625 sec.

 Estimate current memory usage 73.7976 Meg. 

 Total signals 14
 Total nets 13
 Total signal drivers 7
 Total blocks 3
 Total primitive blocks 2
 Total processes 11
ntrace select -o on -n /jkff_vv_v/qb 
ntrace select -o on -n /jkff_vv_v/q 
ntrace select -o on -n /jkff_vv_v/clk 
ntrace select -o on -n /jkff_vv_v/jk 
ntrace select -o on -n /jkff_vv_v/jk 
ntrace select -o on -n /jkff_vv_v/jk 
ntrace start 
run 1000 ns 
Simulator is doing circuit initialization process.
Finished circuit initialization process.
