Release 8.1i - xst I.24
Copyright (c) 1995-2005 Xilinx, Inc.  All rights reserved.
--> Parameter TMPDIR set to ./xst/projnav.tmp
CPU : 0.00 / 0.32 s | Elapsed : 0.00 / 1.00 s
 
--> Parameter xsthdpdir set to ./xst
CPU : 0.00 / 0.32 s | Elapsed : 0.00 / 1.00 s
 
--> Reading design: clockdivider.prj

TABLE OF CONTENTS
  1) Synthesis Options Summary
  2) HDL Compilation
  3) HDL Analysis
  4) HDL Synthesis
     4.1) HDL Synthesis Report
  5) Advanced HDL Synthesis
     5.1) Advanced HDL Synthesis Report
  6) Low Level Synthesis
  7) Final Report
     7.1) Device utilization summary
     7.2) TIMING REPORT


=========================================================================
*                      Synthesis Options Summary                        *
=========================================================================
---- Source Parameters
Input File Name                    : "clockdivider.prj"
Input Format                       : mixed
Ignore Synthesis Constraint File   : NO

---- Target Parameters
Output File Name                   : "clockdivider"
Output Format                      : NGC
Target Device                      : xc3s400-5-tq144

---- Source Options
Top Module Name                    : clockdivider
Automatic FSM Extraction           : YES
FSM Encoding Algorithm             : Auto
FSM Style                          : lut
RAM Extraction                     : Yes
RAM Style                          : Auto
ROM Extraction                     : Yes
Mux Style                          : Auto
Decoder Extraction                 : YES
Priority Encoder Extraction        : YES
Shift Register Extraction          : YES
Logical Shifter Extraction         : YES
XOR Collapsing                     : YES
ROM Style                          : Auto
Mux Extraction                     : YES
Resource Sharing                   : YES
Multiplier Style                   : auto
Automatic Register Balancing       : No

---- Target Options
Add IO Buffers                     : YES
Global Maximum Fanout              : 500
Add Generic Clock Buffer(BUFG)     : 8
Register Duplication               : YES
Slice Packing                      : YES
Pack IO Registers into IOBs        : auto
Equivalent register Removal        : YES

---- General Options
Optimization Goal                  : Speed
Optimization Effort                : 1
Keep Hierarchy                     : NO
RTL Output                         : Yes
Global Optimization                : AllClockNets
Write Timing Constraints           : NO
Hierarchy Separator                : /
Bus Delimiter                      : <>
Case Specifier                     : maintain
Slice Utilization Ratio            : 100
Slice Utilization Ratio Delta      : 5

---- Other Options
lso                                : clockdivider.lso
Read Cores                         : YES
cross_clock_analysis               : NO
verilog2001                        : YES
safe_implementation                : No
Optimize Instantiated Primitives   : NO
use_clock_enable                   : Yes
use_sync_set                       : Yes
use_sync_reset                     : Yes

=========================================================================


=========================================================================
*                          HDL Compilation                              *
=========================================================================
Compiling verilog file "clockdivider.v" in library work
Module <clockdivider> compiled
No errors in compilation
Analysis of file <"clockdivider.prj"> succeeded.
 

=========================================================================
*                            HDL Analysis                               *
=========================================================================
Analyzing top module <clockdivider>.
Module <clockdivider> is correct for synthesis.
 

=========================================================================
*                           HDL Synthesis                               *
=========================================================================

Synthesizing Unit <clockdivider>.
    Related source file is "clockdivider.v".
    Found 2-bit up counter for signal <counter>.
    Found 2-bit up counter for signal <mod_threecounter>.
    Found 1-bit register for signal <temp>.
    Summary:
	inferred   2 Counter(s).
	inferred   1 D-type flip-flop(s).
Unit <clockdivider> synthesized.


=========================================================================
HDL Synthesis Report

Macro Statistics
# Counters                                             : 2
 2-bit up counter                                      : 2
# Registers                                            : 1
 1-bit register                                        : 1

=========================================================================

=========================================================================
*                       Advanced HDL Synthesis                          *
=========================================================================


=========================================================================
Advanced HDL Synthesis Report

Macro Statistics
# Counters                                             : 2
 2-bit up counter                                      : 2
# Registers                                            : 1
 Flip-Flops                                            : 1

=========================================================================

=========================================================================
*                         Low Level Synthesis                           *
=========================================================================
Loading device for application Rf_Device from file '3s400.nph' in environment C:\Xilinx.

Optimizing unit <clockdivider> ...

Mapping all equations...
Building and optimizing final netlist ...
Found area constraint ratio of 100 (+ 5) on block clockdivider, actual ratio is 0.
FlipFlop counter_0 has been replicated 1 time(s) to handle iob=true attribute.

=========================================================================
*                            Final Report                               *
=========================================================================
Final Results
RTL Top Level Output File Name     : clockdivider.ngr
Top Level Output File Name         : clockdivider
Output Format                      : NGC
Optimization Goal                  : Speed
Keep Hierarchy                     : NO

Design Statistics
# IOs                              : 4

Cell Usage :
# BELS                             : 6
#      INV                         : 1
#      LUT2                        : 2
#      LUT2_L                      : 2
#      VCC                         : 1
# FlipFlops/Latches                : 6
#      FD                          : 1
#      FD_1                        : 1
#      FDR                         : 4
# Clock Buffers                    : 1
#      BUFGP                       : 1
# IO Buffers                       : 3
#      OBUF                        : 3
=========================================================================

Device utilization summary:
---------------------------

Selected Device : 3s400tq144-5 

 Number of Slices:                       3  out of   3584     0%  
 Number of Slice Flip Flops:             5  out of   7168     0%  
 Number of 4 input LUTs:                 4  out of   7168     0%  
 Number of bonded IOBs:                  4  out of     97     4%  
    IOB Flip Flops: 1
 Number of GCLKs:                        1  out of      8    12%  


=========================================================================
TIMING REPORT

NOTE: THESE TIMING NUMBERS ARE ONLY A SYNTHESIS ESTIMATE.
      FOR ACCURATE TIMING INFORMATION PLEASE REFER TO THE TRACE REPORT
      GENERATED AFTER PLACE-and-ROUTE.

Clock Information:
------------------
-----------------------------------+------------------------+-------+
Clock Signal                       | Clock buffer(FF name)  | Load  |
-----------------------------------+------------------------+-------+
clock                              | BUFGP                  | 6     |
-----------------------------------+------------------------+-------+

Timing Summary:
---------------
Speed Grade: -5

   Minimum period: 3.820ns (Maximum Frequency: 261.760MHz)
   Minimum input arrival time before clock: No path found
   Maximum output required time after clock: 7.773ns
   Maximum combinational path delay: No path found

Timing Detail:
--------------
All values displayed in nanoseconds (ns)

=========================================================================
Timing constraint: Default period analysis for Clock 'clock'
  Clock period: 3.820ns (frequency: 261.760MHz)
  Total number of paths / destination ports: 12 / 8
-------------------------------------------------------------------------
Delay:               3.820ns (Levels of Logic = 1)
  Source:            mod_threecounter_0 (FF)
  Destination:       mod_threecounter_0 (FF)
  Source Clock:      clock rising
  Destination Clock: clock rising

  Data Path: mod_threecounter_0 to mod_threecounter_0
                                Gate     Net
    Cell:in->out      fanout   Delay   Delay  Logical Name (Net Name)
    ----------------------------------------  ------------
     FDR:C->Q              5   0.626   1.078  mod_threecounter_0 (mod_threecounter_0)
     LUT2:I0->O            2   0.479   0.745  _n00001 (_n0000)
     FDR:R                     0.892          mod_threecounter_0
    ----------------------------------------
    Total                      3.820ns (1.997ns logic, 1.823ns route)
                                       (52.3% logic, 47.7% route)

=========================================================================
Timing constraint: Default OFFSET OUT AFTER for Clock 'clock'
  Total number of paths / destination ports: 4 / 3
-------------------------------------------------------------------------
Offset:              7.773ns (Levels of Logic = 2)
  Source:            mod_threecounter_0 (FF)
  Destination:       out<1> (PAD)
  Source Clock:      clock rising

  Data Path: mod_threecounter_0 to out<1>
                                Gate     Net
    Cell:in->out      fanout   Delay   Delay  Logical Name (Net Name)
    ----------------------------------------  ------------
     FDR:C->Q              5   0.626   1.078  mod_threecounter_0 (mod_threecounter_0)
     LUT2:I0->O            1   0.479   0.681  _n00021 (out_1_OBUF)
     OBUF:I->O                 4.909          out_1_OBUF (out<1>)
    ----------------------------------------
    Total                      7.773ns (6.014ns logic, 1.759ns route)
                                       (77.4% logic, 22.6% route)

=========================================================================
CPU : 6.95 / 7.77 s | Elapsed : 7.00 / 8.00 s
 
--> 

Total memory usage is 158512 kilobytes

Number of errors   :    0 (   0 filtered)
Number of warnings :    0 (   0 filtered)
Number of infos    :    0 (   0 filtered)

