 command line:
   ./fulladder_ttf_v_isim_beh.exe
     -intstyle  ise
     -ipchost  localhost
     -ipcport  51934

Sat Jan 23 10:08:50 2021

Total Line Count = 78

 Elaboration time 0.015625 sec.

 Estimate current memory usage 73.7362 Meg. 

 Total signals 15
 Total nets 13
 Total signal drivers 8
 Total blocks 3
 Total primitive blocks 2
 Total processes 11
ntrace select -o on -n /fulladder_ttf_v/cout 
ntrace select -o on -n /fulladder_ttf_v/sum 
ntrace select -o on -n /fulladder_ttf_v/cin 
ntrace select -o on -n /fulladder_ttf_v/b 
ntrace select -o on -n /fulladder_ttf_v/a 
ntrace start 
run 1000 ns 
Simulator is doing circuit initialization process.
Finished circuit initialization process.
