Release 8.1i - xst I.24
Copyright (c) 1995-2005 Xilinx, Inc.  All rights reserved.
--> Parameter TMPDIR set to ./xst/projnav.tmp
CPU : 0.00 / 0.11 s | Elapsed : 0.00 / 1.00 s
 
--> Parameter xsthdpdir set to ./xst
CPU : 0.00 / 0.11 s | Elapsed : 0.00 / 1.00 s
 
--> Reading design: Wpencode.prj

TABLE OF CONTENTS
  1) Synthesis Options Summary
  2) HDL Compilation
  3) HDL Analysis
  4) HDL Synthesis
     4.1) HDL Synthesis Report
  5) Advanced HDL Synthesis
     5.1) Advanced HDL Synthesis Report
  6) Low Level Synthesis
  7) Final Report
     7.1) Device utilization summary
     7.2) TIMING REPORT


=========================================================================
*                      Synthesis Options Summary                        *
=========================================================================
---- Source Parameters
Input File Name                    : "Wpencode.prj"
Input Format                       : mixed
Ignore Synthesis Constraint File   : NO

---- Target Parameters
Output File Name                   : "Wpencode"
Output Format                      : NGC
Target Device                      : xc3s400-5-tq144

---- Source Options
Top Module Name                    : Wpencode
Automatic FSM Extraction           : YES
FSM Encoding Algorithm             : Auto
FSM Style                          : lut
RAM Extraction                     : Yes
RAM Style                          : Auto
ROM Extraction                     : Yes
Mux Style                          : Auto
Decoder Extraction                 : YES
Priority Encoder Extraction        : YES
Shift Register Extraction          : YES
Logical Shifter Extraction         : YES
XOR Collapsing                     : YES
ROM Style                          : Auto
Mux Extraction                     : YES
Resource Sharing                   : YES
Multiplier Style                   : auto
Automatic Register Balancing       : No

---- Target Options
Add IO Buffers                     : YES
Global Maximum Fanout              : 500
Add Generic Clock Buffer(BUFG)     : 8
Register Duplication               : YES
Slice Packing                      : YES
Pack IO Registers into IOBs        : auto
Equivalent register Removal        : YES

---- General Options
Optimization Goal                  : Speed
Optimization Effort                : 1
Keep Hierarchy                     : NO
RTL Output                         : Yes
Global Optimization                : AllClockNets
Write Timing Constraints           : NO
Hierarchy Separator                : /
Bus Delimiter                      : <>
Case Specifier                     : maintain
Slice Utilization Ratio            : 100
Slice Utilization Ratio Delta      : 5

---- Other Options
lso                                : Wpencode.lso
Read Cores                         : YES
cross_clock_analysis               : NO
verilog2001                        : YES
safe_implementation                : No
Optimize Instantiated Primitives   : NO
use_clock_enable                   : Yes
use_sync_set                       : Yes
use_sync_reset                     : Yes

=========================================================================


=========================================================================
*                          HDL Compilation                              *
=========================================================================
Compiling verilog file "Wpencode.v" in library work
Module <Wpencode> compiled
WARNING:HDLCompilers:258 - "Wpencode.v" line 25 Range on redeclaration of 'Dout' overrides range on output declaration at "Wpencode.v" line 24 
No errors in compilation
Analysis of file <"Wpencode.prj"> succeeded.
 

=========================================================================
*                            HDL Analysis                               *
=========================================================================
WARNING:HDLCompilers:258 - "Wpencode.v" line 25 Range on redeclaration of 'Dout' overrides range on output declaration at "Wpencode.v" line 24 
Analyzing top module <Wpencode>.
WARNING:Xst:883 - "Wpencode.v" line 42: Ignored duplicate item in case statement. 
Module <Wpencode> is correct for synthesis.
 

=========================================================================
*                           HDL Synthesis                               *
=========================================================================

Synthesizing Unit <Wpencode>.
    Related source file is "Wpencode.v".
WARNING:Xst:736 - Found 3-bit latch for signal <$n0000> created at line 34.
INFO:Xst:2371 - HDL ADVISOR - Logic functions respectively driving the data and gate enable inputs of this latch share common terms. This situation will potentially lead to setup/hold violations and, as a result, to simulation problems. This situation may come from an incomplete case statement (all selector values are not covered). You should carefuly review if it was in your intentions to describe such a latch.
    Found 3-bit tristate buffer for signal <Dout>.
    Summary:
	inferred   3 Tristate(s).
Unit <Wpencode> synthesized.


=========================================================================
HDL Synthesis Report

Macro Statistics
# Latches                                              : 1
 3-bit latch                                           : 1
# Tristates                                            : 1
 3-bit tristate buffer                                 : 1

=========================================================================

=========================================================================
*                       Advanced HDL Synthesis                          *
=========================================================================


=========================================================================
Advanced HDL Synthesis Report

Macro Statistics
# Latches                                              : 1
 3-bit latch                                           : 1

=========================================================================

=========================================================================
*                         Low Level Synthesis                           *
=========================================================================
Loading device for application Rf_Device from file '3s400.nph' in environment C:\Xilinx.

Optimizing unit <Wpencode> ...

Mapping all equations...
Building and optimizing final netlist ...
Found area constraint ratio of 100 (+ 5) on block Wpencode, actual ratio is 0.

=========================================================================
*                            Final Report                               *
=========================================================================
Final Results
RTL Top Level Output File Name     : Wpencode.ngr
Top Level Output File Name         : Wpencode
Output Format                      : NGC
Optimization Goal                  : Speed
Keep Hierarchy                     : NO

Design Statistics
# IOs                              : 12

Cell Usage :
# BELS                             : 11
#      LUT2                        : 1
#      LUT3                        : 4
#      LUT4                        : 6
# FlipFlops/Latches                : 3
#      LD                          : 3
# IO Buffers                       : 12
#      IBUF                        : 9
#      OBUFT                       : 3
=========================================================================

Device utilization summary:
---------------------------

Selected Device : 3s400tq144-5 

 Number of Slices:                       6  out of   3584     0%  
 Number of 4 input LUTs:                11  out of   7168     0%  
 Number of bonded IOBs:                 12  out of     97    12%  
    IOB Flip Flops: 3


=========================================================================
TIMING REPORT

NOTE: THESE TIMING NUMBERS ARE ONLY A SYNTHESIS ESTIMATE.
      FOR ACCURATE TIMING INFORMATION PLEASE REFER TO THE TRACE REPORT
      GENERATED AFTER PLACE-and-ROUTE.

Clock Information:
------------------
-----------------------------------+------------------------+-------+
Clock Signal                       | Clock buffer(FF name)  | Load  |
-----------------------------------+------------------------+-------+
N100(_n0039141:O)                  | NONE(*)(_n0000_0)      | 3     |
-----------------------------------+------------------------+-------+
(*) This 1 clock signal(s) are generated by combinatorial logic,
and XST is not able to identify which are the primary clock signals.
Please use the CLOCK_SIGNAL constraint to specify the clock signal(s) generated by combinatorial logic.
INFO:Xst:2169 - HDL ADVISOR - Some clock signals were not automatically buffered by XST with BUFG/BUFR resources. Please use the buffer_type constraint in order to insert these buffers to the clock signals to help prevent skew problems.

Timing Summary:
---------------
Speed Grade: -5

   Minimum period: No path found
   Minimum input arrival time before clock: 5.147ns
   Maximum output required time after clock: 6.141ns
   Maximum combinational path delay: 6.606ns

Timing Detail:
--------------
All values displayed in nanoseconds (ns)

=========================================================================
Timing constraint: Default OFFSET IN BEFORE for Clock 'N100'
  Total number of paths / destination ports: 24 / 3
-------------------------------------------------------------------------
Offset:              5.147ns (Levels of Logic = 4)
  Source:            Din<3> (PAD)
  Destination:       _n0000_2 (LATCH)
  Destination Clock: N100 falling

  Data Path: Din<3> to _n0000_2
                                Gate     Net
    Cell:in->out      fanout   Delay   Delay  Logical Name (Net Name)
    ----------------------------------------  ------------
     IBUF:I->O             4   0.715   1.074  Din_3_IBUF (Din_3_IBUF)
     LUT4:I0->O            1   0.479   0.704  Ker41_SW0 (N18)
     LUT4:I3->O            2   0.479   1.040  Ker41 (N9)
     LUT2:I0->O            1   0.479   0.000  _n0002<2>1 (_n0002<2>)
     LD:D                      0.176          _n0000_2
    ----------------------------------------
    Total                      5.147ns (2.328ns logic, 2.819ns route)
                                       (45.2% logic, 54.8% route)

=========================================================================
Timing constraint: Default OFFSET OUT AFTER for Clock 'N100'
  Total number of paths / destination ports: 3 / 3
-------------------------------------------------------------------------
Offset:              6.141ns (Levels of Logic = 1)
  Source:            _n0000_2 (LATCH)
  Destination:       Dout<2> (PAD)
  Source Clock:      N100 falling

  Data Path: _n0000_2 to Dout<2>
                                Gate     Net
    Cell:in->out      fanout   Delay   Delay  Logical Name (Net Name)
    ----------------------------------------  ------------
     LD:G->Q               1   0.551   0.681  _n0000_2 (_n0000_2)
     OBUFT:I->O                4.909          Dout_2_OBUFT (Dout<2>)
    ----------------------------------------
    Total                      6.141ns (5.460ns logic, 0.681ns route)
                                       (88.9% logic, 11.1% route)

=========================================================================
Timing constraint: Default path analysis
  Total number of paths / destination ports: 3 / 3
-------------------------------------------------------------------------
Delay:               6.606ns (Levels of Logic = 2)
  Source:            en (PAD)
  Destination:       Dout<2> (PAD)

  Data Path: en to Dout<2>
                                Gate     Net
    Cell:in->out      fanout   Delay   Delay  Logical Name (Net Name)
    ----------------------------------------  ------------
     IBUF:I->O             3   0.715   0.771  en_IBUF (en_IBUF)
     OBUFT:T->O                5.120          Dout_1_OBUFT (Dout<1>)
    ----------------------------------------
    Total                      6.606ns (5.835ns logic, 0.771ns route)
                                       (88.3% logic, 11.7% route)

=========================================================================
CPU : 4.09 / 4.21 s | Elapsed : 4.00 / 5.00 s
 
--> 

Total memory usage is 165784 kilobytes

Number of errors   :    0 (   0 filtered)
Number of warnings :    4 (   0 filtered)
Number of infos    :    2 (   0 filtered)

